<?xml version="1.0" encoding="UTF-8"?>
<testng-results ignored="0" total="1" passed="1" failed="0" skipped="0">
  <reporter-output>
  </reporter-output>
  <suite started-at="2024-07-15T23:50:52 IST" name="Suite" finished-at="2024-07-15T23:51:01 IST" duration-ms="9321">
    <groups>
      <group name="cucumber">
        <method signature="AbstractTestNGCucumberTests.runScenario(io.cucumber.testng.PickleWrapper,io.cucumber.testng.FeatureWrapper)[pri:0, instance:runner.testrunnerTest@7fab4be7]" name="runScenario" class="io.cucumber.testng.AbstractTestNGCucumberTests"/>
      </group> <!-- cucumber -->
    </groups>
    <test started-at="2024-07-15T23:50:52 IST" name="Test" finished-at="2024-07-15T23:51:01 IST" duration-ms="9321">
      <class name="runner.testrunnerTest">
        <test-method is-config="true" signature="setUpClass(org.testng.ITestContext)[pri:0, instance:runner.testrunnerTest@7fab4be7]" started-at="2024-07-15T23:50:52 IST" name="setUpClass" finished-at="2024-07-15T23:50:52 IST" duration-ms="320" status="PASS">
          <params>
            <param index="0">
              <value>
                <![CDATA[org.testng.TestRunner@640d604]]>
              </value>
            </param>
          </params>
          <reporter-output>
          </reporter-output>
        </test-method> <!-- setUpClass -->
        <test-method signature="runScenario(io.cucumber.testng.PickleWrapper,io.cucumber.testng.FeatureWrapper)[pri:0, instance:runner.testrunnerTest@7fab4be7]" started-at="2024-07-15T23:50:52 IST" name="runScenario" description="Runs Cucumber Scenarios" data-provider="scenarios" finished-at="2024-07-15T23:51:01 IST" duration-ms="8908" status="PASS">
          <params>
            <param index="0">
              <value>
                <![CDATA["Launch website"]]>
              </value>
            </param>
            <param index="1">
              <value>
                <![CDATA["Title of your feature"]]>
              </value>
            </param>
          </params>
          <reporter-output>
          </reporter-output>
        </test-method> <!-- runScenario -->
        <test-method is-config="true" signature="tearDownClass()[pri:0, instance:runner.testrunnerTest@7fab4be7]" started-at="2024-07-15T23:51:01 IST" name="tearDownClass" finished-at="2024-07-15T23:51:01 IST" duration-ms="6" status="PASS">
          <reporter-output>
          </reporter-output>
        </test-method> <!-- tearDownClass -->
      </class> <!-- runner.testrunnerTest -->
    </test> <!-- Test -->
  </suite> <!-- Suite -->
</testng-results>
